164405
frequent
generate
featured
fourteen
outraged
teenager
detonate
fattened
fettered
foregone
frontage
guttered
neutered
renegade
targeted
truanted
federate
underage
attender
denature
derogate
dungaree
unfetter
unquoted
attendee
nattered
tautened
defeater
deuteron
outargue
deferent
dragonet
edentate
fattener
footgear
foredate
forjudge
frottage
outguard
outrange
quadroon
renegado
tetragon
unroofed
attorned
denotate
enfetter
enrooted
enterate
foredone
fortuned
frondage
gauntree
gettered
grottoed
jargoned
jeanette
outeaten
outfound
outquote
outrated
outtrade
ragouted
ratooned
rattened
redefeat
refooted
renagued
renegate
renegued
requoted
roqueted
roquette
tentered
torquate
trudgeon
truquage
tutorage
unagreed
unargued
underate
undereat
unfeared
unfooted
unforged
unforgot
ungeared
unrooted
unrotted
unrouged
untufted
unturfed
