1
2
3
4
5
6
7
8
9
10
11
12
13
14
15
16
17
-- 8
            
            
            
          4 
            
          4 
-- 23
4           
            
            
          4 
            
4   4 4   3 
-- 29
3 3 4       
            
            
          4 
            
4   4 4   3 
-- 28
3 3 4       
            
            
          4 
            
3   4 4   3 
-- 27
3 3 4       
            
            
          4 
            
2   4 4   3 
-- 26
3 3 4       
            
            
          4 
            
2   3 4   3 
-- 29
2 3 4       
            
            
          4 
            
2 4 3 4   3 
-- 36
2 2 4       
            
4 4         
          4 
            
2 4 3 4   3 
-- 35
2 2 4       
            
4 4         
          4 
            
2 4 3 3   3 
-- 38
2 2 4       
            
4 4         
          4 
            
2 4 3 3 4 2 
-- 37
2 2 3       
            
4 4         
          4 
            
2 4 3 3 4 2 
-- 40
2 2 3       
            
4 4       4 
          3 
            
2 4 3 3 4 2 
-- 39
2 2 2       
            
4 4       4 
          3 
            
2 4 3 3 4 2 
-- 42
2 2 2     4 
            
4 3       4 
          3 
            
2 4 3 3 4 2 
-- 49
2 2 2   4 4 
            
4 3       4 
          3 
  4         
2 3 3 3 4 2 
-- 48
2 2 2   4 4 
            
4 2       4 
          3 
  4         
2 3 3 3 4 2 
-- 51
2 2 2   4 4 
            
4 2       4 
          3 
  4     4   
2 3 3 3 3 2 
-- 50
2 2 2   3 4 
            
4 2       4 
          3 
  4     4   
2 3 3 3 3 2 
-- 49
2 2 2   3 4 
            
4 2       4 
          3 
  4     4   
2 3 2 3 3 2 
-- 52
2 2 2   3 4 
            
4 2     4 3 
          3 
  4     4   
2 3 2 3 3 2 
-- 51
2 2 2   2 4 
            
4 2     4 3 
          3 
  4     4   
2 3 2 3 3 2 
-- 54
2 2 2   2 4 
        4   
4 2     4 3 
          3 
  4     4   
2 3 2 2 3 2 
-- 56
2 2 1   2 4 
    3   4   
4 2     4 3 
          3 
  4     4   
2 3 2 2 3 2 
-- 57
2 2 1   2 4 
    3 2 3   
4 2     4 3 
          3 
  4     4   
2 3 2 2 3 2 
-- 56
2 2 1   2 4 
    3 2 3   
4 2     4 3 
          3 
  3     4   
2 3 2 2 3 2 
-- 55
2 2 1   2 4 
    2 2 3   
4 2     4 3 
          3 
  3     4   
2 3 2 2 3 2 
-- 54
2 2 1   2 4 
    2 2 3   
4 2     4 3 
          3 
  3     4   
2 3 2 1 3 2 
-- 53
2 2 1   2 4 
    2 2 3   
4 2     4 3 
          3 
  3     3   
2 3 2 1 3 2 
-- 52
2 2 1   2 4 
    2 2 3   
4 2     4 3 
          3 
  2     3   
2 3 2 1 3 2 
-- 57
2 2 1   2 4 
    2 2 3   
4 2     4 3 
          3 
  2 2 4 3   
2 3 1 1 3 2 
-- 56
2 2 1   2 4 
    2 2 3   
4 2     3 3 
          3 
  2 2 4 3   
2 3 1 1 3 2 
-- 55
2 2 1   2 4 
    2 2 3   
4 1     3 3 
          3 
  2 2 4 3   
2 3 1 1 3 2 
-- 54
2 2 1   2 4 
    1 2 3   
4 1     3 3 
          3 
  2 2 4 3   
2 3 1 1 3 2 
-- 53
2 2 1   2 4 
    1 2 3   
4 1     3 3 
          3 
  2 2 3 3   
2 3 1 1 3 2 
-- 53
2 2 1   2 4 
    1 2 3   
4 1 1   3 3 
          2 
  2 2 3 3   
2 3 1 1 3 2 
-- 52
2 2 1   2 4 
    1 2 3   
4 1 1   2 3 
          2 
  2 2 3 3   
2 3 1 1 3 2 
-- 51
2 2 1   2 4 
    1 1 3   
4 1 1   2 3 
          2 
  2 2 3 3   
2 3 1 1 3 2 
-- 54
2 2 1   2 4 
    1 1 3   
4 1 1 2 2 3 
      2   2 
  2 2 2 3   
2 3 1 1 3 2 
-- 53
2 2 1   2 4 
    1 1 3   
4 1 1 2 2 3 
      2   2 
  2 2 2 2   
2 3 1 1 3 2 
-- 52
2 2 1   2 4 
    1 1 3   
4 1 1 2 2 3 
      2   1 
  2 2 2 2   
2 3 1 1 3 2 
-- 51
2 2 1   2 4 
    1 1 3   
4 1 1 2 1 3 
      2   1 
  2 2 2 2   
2 3 1 1 3 2 
  0 1
  1 2
  1 3
  1 3
  4 2
  4 2
  2 2
  2 2
  2 2
  2 3
  2 3
  3 3
  3 3
  3 4
  3 4
  3 4
* 3 4
1
2
-- 8
            
            
            
4           
            
      4     
-- 11
      4     
            
            
3           
            
      4     
-- 14
      4     
            
            
3         4 
            
      3     
  3 3
* 3 3
1
2
-- 3
            
            
            
          3 
            
            
-- 6
            
            
            
4         2 
            
            
-- 9
            
            
            
3 4       2 
            
            
-- 12
            
            
            
3 4     4 1 
            
            
-- 15
            
            
            
3 3   4 4 1 
            
            
  3 5
* 3 2
